<?xml version="1.0" encoding="UTF-8"?>
<testsuite name="RecipesApplicationTest" tests="1" skipped="0" failures="0" errors="0" timestamp="2022-01-02T12:31:50" hostname="kaliyas-PC" time="4.127">
  <properties/>
  <testcase name="start" classname="RecipesApplicationTest" time="4.127"/>
  <system-out><![CDATA[?[1;31m
Start test 1?[0m

  .   ____          _            __ _ _
 /\\ / ___'_ __ _ _(_)_ __  __ _ \ \ \ \
( ( )\___ | '_ | '_| | '_ \/ _` | \ \ \ \
 \\/  ___)| |_)| | | | | || (_| |  ) ) ) )
  '  |____| .__|_| |_|_| |_\__, | / / / /
 =========|_|==============|___/=/_/_/_/
 :: Spring Boot ::                (v2.5.6)

2022-01-02 15:31:51.123  INFO 5286 --- [    Test worker] recipes.RecipesApplication               : Starting RecipesApplication using Java 17.0.1 on kaliyas-PC with PID 5286 (started by kaliya in /home/kaliya/IdeaProjects/Recipes/Recipes/task)
2022-01-02 15:31:51.127  INFO 5286 --- [    Test worker] recipes.RecipesApplication               : No active profile set, falling back to default profiles: default
2022-01-02 15:31:52.749  INFO 5286 --- [    Test worker] o.s.b.w.embedded.tomcat.TomcatWebServer  : Tomcat initialized with port(s): 8080 (http)
2022-01-02 15:31:52.771  INFO 5286 --- [    Test worker] o.apache.catalina.core.StandardService   : Starting service [Tomcat]
2022-01-02 15:31:52.772  INFO 5286 --- [    Test worker] org.apache.catalina.core.StandardEngine  : Starting Servlet engine: [Apache Tomcat/9.0.54]
2022-01-02 15:31:52.874  INFO 5286 --- [    Test worker] o.a.c.c.C.[Tomcat].[localhost].[/]       : Initializing Spring embedded WebApplicationContext
2022-01-02 15:31:52.875  INFO 5286 --- [    Test worker] w.s.c.ServletWebServerApplicationContext : Root WebApplicationContext: initialization completed in 1676 ms
2022-01-02 15:31:53.657  INFO 5286 --- [    Test worker] o.s.b.a.e.web.EndpointLinksResolver      : Exposing 1 endpoint(s) beneath base path '/actuator'
2022-01-02 15:31:53.707  INFO 5286 --- [    Test worker] o.s.b.w.embedded.tomcat.TomcatWebServer  : Tomcat started on port(s): 8080 (http) with context path ''
2022-01-02 15:31:53.726  INFO 5286 --- [    Test worker] recipes.RecipesApplication               : Started RecipesApplication in 3.08 seconds (JVM running for 4.001)
2022-01-02 15:31:54.256  INFO 5286 --- [nio-8080-exec-1] o.a.c.c.C.[Tomcat].[localhost].[/]       : Initializing Spring DispatcherServlet 'dispatcherServlet'
2022-01-02 15:31:54.257  INFO 5286 --- [nio-8080-exec-1] o.s.web.servlet.DispatcherServlet        : Initializing Servlet 'dispatcherServlet'
2022-01-02 15:31:54.259  INFO 5286 --- [nio-8080-exec-1] o.s.web.servlet.DispatcherServlet        : Completed initialization in 2 ms
?[1;31m
Start test 2?[0m
?[1;31m
Start test 3?[0m
?[1;31m
Start test 4?[0m
]]></system-out>
  <system-err><![CDATA[]]></system-err>
</testsuite>
